<?xml version="1.0" encoding="UTF-8"?>
<testng-results ignored="0" total="1" passed="1" failed="0" skipped="0">
  <reporter-output>
  </reporter-output>
  <suite started-at="2021-05-04T12:27:39Z" name="Default suite" finished-at="2021-05-04T12:28:39Z" duration-ms="59218">
    <groups>
      <group name="cucumber">
        <method signature="AbstractTestNGCucumberTests.feature(cucumber.api.testng.CucumberFeatureWrapper)[pri:0, instance:TestRunner.TestNGRunner@16ec5519]" name="feature" class="cucumber.api.testng.AbstractTestNGCucumberTests"/>
      </group> <!-- cucumber -->
    </groups>
    <test started-at="2021-05-04T12:27:39Z" name="Default test" finished-at="2021-05-04T12:28:39Z" duration-ms="59218">
      <class name="TestRunner.TestNGRunner">
        <test-method is-config="true" signature="setUpClass()[pri:0, instance:TestRunner.TestNGRunner@16ec5519]" started-at="2021-05-04T12:27:39Z" name="setUpClass" finished-at="2021-05-04T12:27:40Z" duration-ms="317" status="PASS">
          <reporter-output>
          </reporter-output>
        </test-method> <!-- setUpClass -->
        <test-method signature="feature(cucumber.api.testng.CucumberFeatureWrapper)[pri:0, instance:TestRunner.TestNGRunner@16ec5519]" started-at="2021-05-04T12:27:40Z" name="feature" description="Runs Cucumber Feature" data-provider="features" finished-at="2021-05-04T12:28:39Z" duration-ms="58789" status="PASS">
          <params>
            <param index="0">
              <value>
                <![CDATA[Edit a contact]]>
              </value>
            </param>
          </params>
          <reporter-output>
          </reporter-output>
        </test-method> <!-- feature -->
        <test-method is-config="true" signature="tearDownClass()[pri:0, instance:TestRunner.TestNGRunner@16ec5519]" started-at="2021-05-04T12:28:39Z" name="tearDownClass" finished-at="2021-05-04T12:28:39Z" duration-ms="3" status="PASS">
          <reporter-output>
          </reporter-output>
        </test-method> <!-- tearDownClass -->
      </class> <!-- TestRunner.TestNGRunner -->
    </test> <!-- Default test -->
  </suite> <!-- Default suite -->
</testng-results>
