<?xml version="1.0" encoding="UTF-8"?><testsuite failures="0" name="cucumber.runtime.formatter.JUnitFormatter" skipped="0" tests="3" time="29.740657">
<testcase classname="security of contacts" name="user tries to access a private contact" time="11.901939">
<system-out><![CDATA[Given added user logs into the page.........................................passed
When added user ties to access a private contact............................passed
Then user should be able to view/access/edit/delete the contact.............passed
]]></system-out>
</testcase>
<testcase classname="security of contacts" name="user tries to access a private contact" time="7.241329">
<system-out><![CDATA[Given non added user logs into the page.....................................passed
When non added user ties to access a private contact........................passed
Then user should not be able to view the contact............................passed
]]></system-out>
</testcase>
<testcase classname="security of contacts" name="user tries to access a public contact" time="10.597389">
<system-out><![CDATA[Given user logs into the page...............................................passed
When user ties to access a public contact...................................passed
Then all user should be able to view/access/edit/delete the contact.........passed
]]></system-out>
</testcase>
</testsuite>
