<?xml version="1.0" encoding="UTF-8"?><testsuite failures="0" name="cucumber.runtime.formatter.JUnitFormatter" skipped="0" tests="3" time="57.064796">
<testcase classname="Edit a contact" name="User edits the required fields" time="16.57454">
<system-out><![CDATA[Given user goes to the login page...........................................passed
When user enters username and password......................................passed
Then user should login......................................................passed
When user edits required fields and clicks on save..........................passed
Then user should see an edited contact......................................passed
]]></system-out>
</testcase>
<testcase classname="Edit a contact" name="User edits non required fields" time="18.385307">
<system-out><![CDATA[Given user goes to the login page...........................................passed
When user enters username and password......................................passed
Then user should login......................................................passed
When user edits non required fields and clicks on save......................passed
Then user should view an edited contact.....................................passed
]]></system-out>
</testcase>
<testcase classname="Edit a contact" name="User does not edit any fields" time="22.104949">
<system-out><![CDATA[Given user goes to the login page...........................................passed
When user enters username and password......................................passed
Then user should login......................................................passed
When user does not edit any field and clicks on save........................passed
Then user should view an non edited contact.................................passed
When user does not edit any field and clicks on cancel......................passed
Then user should see an non edited contact..................................passed
]]></system-out>
</testcase>
</testsuite>
